<?xml version="1.0" encoding="UTF-8"?>
<testng-results ignored="0" total="1" passed="1" failed="0" skipped="0">
  <reporter-output>
  </reporter-output>
  <suite started-at="2025-11-11T15:35:06 IST" name="Default suite" finished-at="2025-11-11T15:35:15 IST" duration-ms="9044">
    <groups>
    </groups>
    <test started-at="2025-11-11T15:35:06 IST" name="Default test" finished-at="2025-11-11T15:35:15 IST" duration-ms="9044">
      <class name="health.hms.HMS">
        <test-method is-config="true" signature="launchapp()[pri:0, instance:health.hms.HMS@54d9d12d]" started-at="2025-11-11T15:35:06 IST" name="launchapp" finished-at="2025-11-11T15:35:13 IST" duration-ms="6679" status="PASS">
          <reporter-output>
          </reporter-output>
        </test-method> <!-- launchapp -->
        <test-method signature="Initial()[pri:0, instance:health.hms.HMS@54d9d12d]" started-at="2025-11-11T15:35:13 IST" name="Initial" finished-at="2025-11-11T15:35:14 IST" duration-ms="1701" status="PASS">
          <reporter-output>
          </reporter-output>
        </test-method> <!-- Initial -->
        <test-method is-config="true" signature="teardown()[pri:0, instance:health.hms.HMS@54d9d12d]" started-at="2025-11-11T15:35:14 IST" name="teardown" finished-at="2025-11-11T15:35:15 IST" duration-ms="574" status="PASS">
          <reporter-output>
          </reporter-output>
        </test-method> <!-- teardown -->
      </class> <!-- health.hms.HMS -->
    </test> <!-- Default test -->
  </suite> <!-- Default suite -->
</testng-results>
